*------------------------------------------------------------*
* 评分日志
日期:       2013年05月18日
时间:       15时24分09秒
*------------------------------------------------------------*
10782  data work.IDS_DATA;
10783  length UNAME $65;
10784  set EMWS1.Ids_CMeta_DATA;
10785  UNAME = upcase(NAME);
10786  run;

NOTE: 从数据集 EMWS1.IDS_CMETA_DATA. 读取了 2 个观测
NOTE: 数据集 WORK.IDS_DATA 有 2 个观测和 21 个变量。
NOTE: “DATA 语句”所用时间（总处理时间）:
      实际时间          0.00 秒
      CPU 时间          0.00 秒
      

10787  proc sort data=work.IDS_DATA;
10788  by NAME;
10789  run;

NOTE: 从数据集 WORK.IDS_DATA. 读取了 2 个观测
NOTE: 数据集 WORK.IDS_DATA 有 2 个观测和 21 个变量。
NOTE: “PROCEDURE SORT”所用时间（总处理时间）:
      实际时间          0.00 秒
      CPU 时间          0.01 秒
      

10790  proc append base=EMWS1.Merge_CMeta_TRAIN data=work.IDS_DATA force;
10791  run;

NOTE: 正在追加 WORK.IDS_DATA 至 EMWS1.MERGE_CMETA_TRAIN。
NOTE: BASE 数据集不存在。正将 DATA 文件复制到 BASE 文件。
NOTE: 从数据集 WORK.IDS_DATA. 读取了 2 个观测
NOTE: 数据集 EMWS1.MERGE_CMETA_TRAIN 有 2 个观测和 21 个变量。
NOTE: “PROCEDURE APPEND”所用时间（总处理时间）:
      实际时间          0.01 秒
      CPU 时间          0.00 秒
      

10792  proc datasets lib=work nolist;
10793  delete IDS_DATA;
10794  run;

NOTE: 正在删除 WORK.IDS_DATA (memtype=DATA)。

NOTE: “PROCEDURE DATASETS”所用时间（总处理时间）:
      实际时间          0.00 秒
      CPU 时间          0.00 秒
      

10795  data work.IDS2_DATA;
10796  length UNAME $65;
10797  set EMWS1.Ids2_CMeta_DATA;
10798  UNAME = upcase(NAME);
10799  run;

NOTE: 从数据集 EMWS1.IDS2_CMETA_DATA. 读取了 2 个观测
NOTE: 数据集 WORK.IDS2_DATA 有 2 个观测和 21 个变量。
NOTE: “DATA 语句”所用时间（总处理时间）:
      实际时间          0.00 秒
      CPU 时间          0.01 秒
      

10800  proc sort data=work.IDS2_DATA;
10801  by NAME;
10802  run;

NOTE: 从数据集 WORK.IDS2_DATA. 读取了 2 个观测
NOTE: 数据集 WORK.IDS2_DATA 有 2 个观测和 21 个变量。
NOTE: “PROCEDURE SORT”所用时间（总处理时间）:
      实际时间          0.00 秒
      CPU 时间          0.00 秒
      

10803  proc append base=EMWS1.Merge_CMeta_TRAIN data=work.IDS2_DATA force;
10804  run;

NOTE: 正在追加 WORK.IDS2_DATA 至 EMWS1.MERGE_CMETA_TRAIN。
NOTE: 从数据集 WORK.IDS2_DATA. 读取了 2 个观测
NOTE: 添加了 2 个观测。
NOTE: 数据集 EMWS1.MERGE_CMETA_TRAIN 有 4 个观测和 21 个变量。
NOTE: “PROCEDURE APPEND”所用时间（总处理时间）:
      实际时间          0.00 秒
      CPU 时间          0.01 秒
      

10805  proc datasets lib=work nolist;
10806  delete IDS2_DATA;
10807  run;

NOTE: 正在删除 WORK.IDS2_DATA (memtype=DATA)。

NOTE: “PROCEDURE DATASETS”所用时间（总处理时间）:
      实际时间          0.00 秒
      CPU 时间          0.00 秒
      

10808  data work.IDS3_DATA;
10809  length UNAME $65;
10810  set EMWS1.Ids3_CMeta_DATA;
10811  UNAME = upcase(NAME);
10812  run;

NOTE: 从数据集 EMWS1.IDS3_CMETA_DATA. 读取了 2 个观测
NOTE: 数据集 WORK.IDS3_DATA 有 2 个观测和 21 个变量。
NOTE: “DATA 语句”所用时间（总处理时间）:
      实际时间          0.00 秒
      CPU 时间          0.00 秒
      

10813  proc sort data=work.IDS3_DATA;
10814  by NAME;
10815  run;

NOTE: 从数据集 WORK.IDS3_DATA. 读取了 2 个观测
NOTE: 数据集 WORK.IDS3_DATA 有 2 个观测和 21 个变量。
NOTE: “PROCEDURE SORT”所用时间（总处理时间）:
      实际时间          0.00 秒
      CPU 时间          0.00 秒
      

10816  proc append base=EMWS1.Merge_CMeta_TRAIN data=work.IDS3_DATA force;
10817  run;

NOTE: 正在追加 WORK.IDS3_DATA 至 EMWS1.MERGE_CMETA_TRAIN。
NOTE: 从数据集 WORK.IDS3_DATA. 读取了 2 个观测
NOTE: 添加了 2 个观测。
NOTE: 数据集 EMWS1.MERGE_CMETA_TRAIN 有 6 个观测和 21 个变量。
NOTE: “PROCEDURE APPEND”所用时间（总处理时间）:
      实际时间          0.00 秒
      CPU 时间          0.01 秒
      

10818  proc datasets lib=work nolist;
10819  delete IDS3_DATA;
10820  run;

NOTE: 正在删除 WORK.IDS3_DATA (memtype=DATA)。

NOTE: “PROCEDURE DATASETS”所用时间（总处理时间）:
      实际时间          0.00 秒
      CPU 时间          0.00 秒
      

10821  data work.IDS4_DATA;
10822  length UNAME $65;
10823  set EMWS1.Ids4_CMeta_DATA;
10824  UNAME = upcase(NAME);
10825  run;

NOTE: 从数据集 EMWS1.IDS4_CMETA_DATA. 读取了 21 个观测
NOTE: 数据集 WORK.IDS4_DATA 有 21 个观测和 21 个变量。
NOTE: “DATA 语句”所用时间（总处理时间）:
      实际时间          0.00 秒
      CPU 时间          0.00 秒
      

10826  proc sort data=work.IDS4_DATA;
10827  by NAME;
10828  run;

NOTE: 从数据集 WORK.IDS4_DATA. 读取了 21 个观测
NOTE: 数据集 WORK.IDS4_DATA 有 21 个观测和 21 个变量。
NOTE: “PROCEDURE SORT”所用时间（总处理时间）:
      实际时间          0.00 秒
      CPU 时间          0.00 秒
      

10829  proc append base=EMWS1.Merge_CMeta_TRAIN data=work.IDS4_DATA force;
10830  run;

NOTE: 正在追加 WORK.IDS4_DATA 至 EMWS1.MERGE_CMETA_TRAIN。
NOTE: 从数据集 WORK.IDS4_DATA. 读取了 21 个观测
NOTE: 添加了 21 个观测。
NOTE: 数据集 EMWS1.MERGE_CMETA_TRAIN 有 27 个观测和 21 个变量。
NOTE: “PROCEDURE APPEND”所用时间（总处理时间）:
      实际时间          0.00 秒
      CPU 时间          0.00 秒
      

10831  proc datasets lib=work nolist;
10832  delete IDS4_DATA;
10833  run;

NOTE: 正在删除 WORK.IDS4_DATA (memtype=DATA)。

NOTE: “PROCEDURE DATASETS”所用时间（总处理时间）:
      实际时间          0.00 秒
      CPU 时间          0.00 秒
      

10834  data work.IDS5_DATA;
10835  length UNAME $65;
10836  set EMWS1.Ids5_CMeta_DATA;
10837  UNAME = upcase(NAME);
10838  run;

NOTE: 从数据集 EMWS1.IDS5_CMETA_DATA. 读取了 2 个观测
NOTE: 数据集 WORK.IDS5_DATA 有 2 个观测和 21 个变量。
NOTE: “DATA 语句”所用时间（总处理时间）:
      实际时间          0.00 秒
      CPU 时间          0.00 秒
      

10839  proc sort data=work.IDS5_DATA;
10840  by NAME;
10841  run;

NOTE: 从数据集 WORK.IDS5_DATA. 读取了 2 个观测
NOTE: 数据集 WORK.IDS5_DATA 有 2 个观测和 21 个变量。
NOTE: “PROCEDURE SORT”所用时间（总处理时间）:
      实际时间          0.00 秒
      CPU 时间          0.00 秒
      

10842  proc append base=EMWS1.Merge_CMeta_TRAIN data=work.IDS5_DATA force;
10843  run;

NOTE: 正在追加 WORK.IDS5_DATA 至 EMWS1.MERGE_CMETA_TRAIN。
NOTE: 从数据集 WORK.IDS5_DATA. 读取了 2 个观测
NOTE: 添加了 2 个观测。
NOTE: 数据集 EMWS1.MERGE_CMETA_TRAIN 有 29 个观测和 21 个变量。
NOTE: “PROCEDURE APPEND”所用时间（总处理时间）:
      实际时间          0.00 秒
      CPU 时间          0.00 秒
      

10844  proc datasets lib=work nolist;
10845  delete IDS5_DATA;
10846  run;

NOTE: 正在删除 WORK.IDS5_DATA (memtype=DATA)。

NOTE: “PROCEDURE DATASETS”所用时间（总处理时间）:
      实际时间          0.00 秒
      CPU 时间          0.01 秒
      

10847  data work.IDS6_DATA;
10848  length UNAME $65;
10849  set EMWS1.Ids6_CMeta_DATA;
10850  UNAME = upcase(NAME);
10851  run;

NOTE: 从数据集 EMWS1.IDS6_CMETA_DATA. 读取了 2 个观测
NOTE: 数据集 WORK.IDS6_DATA 有 2 个观测和 21 个变量。
NOTE: “DATA 语句”所用时间（总处理时间）:
      实际时间          0.00 秒
      CPU 时间          0.00 秒
      

10852  proc sort data=work.IDS6_DATA;
10853  by NAME;
10854  run;

NOTE: 从数据集 WORK.IDS6_DATA. 读取了 2 个观测
NOTE: 数据集 WORK.IDS6_DATA 有 2 个观测和 21 个变量。
NOTE: “PROCEDURE SORT”所用时间（总处理时间）:
      实际时间          0.00 秒
      CPU 时间          0.00 秒
      

10855  proc append base=EMWS1.Merge_CMeta_TRAIN data=work.IDS6_DATA force;
10856  run;

NOTE: 正在追加 WORK.IDS6_DATA 至 EMWS1.MERGE_CMETA_TRAIN。
NOTE: 从数据集 WORK.IDS6_DATA. 读取了 2 个观测
NOTE: 添加了 2 个观测。
NOTE: 数据集 EMWS1.MERGE_CMETA_TRAIN 有 31 个观测和 21 个变量。
NOTE: “PROCEDURE APPEND”所用时间（总处理时间）:
      实际时间          0.00 秒
      CPU 时间          0.00 秒
      

10857  proc datasets lib=work nolist;
10858  delete IDS6_DATA;
10859  run;

NOTE: 正在删除 WORK.IDS6_DATA (memtype=DATA)。

NOTE: “PROCEDURE DATASETS”所用时间（总处理时间）:
      实际时间          0.00 秒
      CPU 时间          0.00 秒
      

10860  data work.IDS7_DATA;
10861  length UNAME $65;
10862  set EMWS1.Ids7_CMeta_DATA;
10863  UNAME = upcase(NAME);
10864  run;

NOTE: 从数据集 EMWS1.IDS7_CMETA_DATA. 读取了 2 个观测
NOTE: 数据集 WORK.IDS7_DATA 有 2 个观测和 21 个变量。
NOTE: “DATA 语句”所用时间（总处理时间）:
      实际时间          0.00 秒
      CPU 时间          0.01 秒
      

10865  proc sort data=work.IDS7_DATA;
10866  by NAME;
10867  run;

NOTE: 从数据集 WORK.IDS7_DATA. 读取了 2 个观测
NOTE: 数据集 WORK.IDS7_DATA 有 2 个观测和 21 个变量。
NOTE: “PROCEDURE SORT”所用时间（总处理时间）:
      实际时间          0.00 秒
      CPU 时间          0.00 秒
      

10868  proc append base=EMWS1.Merge_CMeta_TRAIN data=work.IDS7_DATA force;
10869  run;

NOTE: 正在追加 WORK.IDS7_DATA 至 EMWS1.MERGE_CMETA_TRAIN。
NOTE: 从数据集 WORK.IDS7_DATA. 读取了 2 个观测
NOTE: 添加了 2 个观测。
NOTE: 数据集 EMWS1.MERGE_CMETA_TRAIN 有 33 个观测和 21 个变量。
NOTE: “PROCEDURE APPEND”所用时间（总处理时间）:
      实际时间          0.00 秒
      CPU 时间          0.00 秒
      

10870  proc datasets lib=work nolist;
10871  delete IDS7_DATA;
10872  run;

NOTE: 正在删除 WORK.IDS7_DATA (memtype=DATA)。

NOTE: “PROCEDURE DATASETS”所用时间（总处理时间）:
      实际时间          0.00 秒
      CPU 时间          0.00 秒
      

10873  data work.IDS8_DATA;
10874  length UNAME $65;
10875  set EMWS1.Ids8_CMeta_DATA;
10876  UNAME = upcase(NAME);
10877  run;

NOTE: 从数据集 EMWS1.IDS8_CMETA_DATA. 读取了 2 个观测
NOTE: 数据集 WORK.IDS8_DATA 有 2 个观测和 21 个变量。
NOTE: “DATA 语句”所用时间（总处理时间）:
      实际时间          0.00 秒
      CPU 时间          0.00 秒
      

10878  proc sort data=work.IDS8_DATA;
10879  by NAME;
10880  run;

NOTE: 从数据集 WORK.IDS8_DATA. 读取了 2 个观测
NOTE: 数据集 WORK.IDS8_DATA 有 2 个观测和 21 个变量。
NOTE: “PROCEDURE SORT”所用时间（总处理时间）:
      实际时间          0.00 秒
      CPU 时间          0.00 秒
      

10881  proc append base=EMWS1.Merge_CMeta_TRAIN data=work.IDS8_DATA force;
10882  run;

NOTE: 正在追加 WORK.IDS8_DATA 至 EMWS1.MERGE_CMETA_TRAIN。
NOTE: 从数据集 WORK.IDS8_DATA. 读取了 2 个观测
NOTE: 添加了 2 个观测。
NOTE: 数据集 EMWS1.MERGE_CMETA_TRAIN 有 35 个观测和 21 个变量。
NOTE: “PROCEDURE APPEND”所用时间（总处理时间）:
      实际时间          0.00 秒
      CPU 时间          0.00 秒
      

10883  proc datasets lib=work nolist;
10884  delete IDS8_DATA;
10885  run;

NOTE: 正在删除 WORK.IDS8_DATA (memtype=DATA)。

NOTE: “PROCEDURE DATASETS”所用时间（总处理时间）:
      实际时间          0.00 秒
      CPU 时间          0.00 秒
      

10886  proc sort data = EMWS1.Merge_CMeta_TRAIN out = EMWS1.Merge_CMeta_TRAIN(drop=UNAME) nodupkey;
10887  by UNAME;
10888  run;

NOTE: 从数据集 EMWS1.MERGE_CMETA_TRAIN. 读取了 35 个观测
NOTE: 7 个具有重复键值的观测已删除。
NOTE: 数据集 EMWS1.MERGE_CMETA_TRAIN 有 28 个观测和 20 个变量。
NOTE: “PROCEDURE SORT”所用时间（总处理时间）:
      实际时间          0.01 秒
      CPU 时间          0.01 秒
      

NOTE: “视图 EMWS1.MERGE_TRAIN.VIEW”所用时间（总处理时间）:
      实际时间          0.34 秒
      CPU 时间          0.31 秒
      
