 
                                                                                                                                                                                                                                                                
 
 
变量汇总

角色     测度水平    频数计数

INPUT    INTERVAL        1   
INPUT    NOMINAL         1   
 
                                                                                                                                                                                                                                                                
 
 
合并的表属性

属性                                 值

Data Source: Path 1                  actors             
Data Source: Path 2                  channels           
Data Source: Path 3                  criteria           
Data Source: Path 4                  customers          
Data Source: Path 5                  directors          
Data Source: Path 6                  hobbies            
Data Source: Path 7                  movies             
Data Source: Path 8                  technology         
                                                        
逻辑库名                             EMWS1              
逻辑库成员名                         MERGE_TRAIN        
数据集标签                                              
特殊的数据集类型 (FROM TYPE=)                           
数据集中的观测                       .                  
Variables                            27                 
引擎名称                             SASDSV             
创建日期                             2013- 5-18 15:24:08
上次修改日期                         2013- 5-18 15:24:08
数据集中删除的观测                   0                  
索引中变量的使用                     NONE               
逻辑库成员类型                       VIEW               
数据集的索引数                       0                  
密码保护 (READ WRITE ALTER)          ---                
更新标记 (Protect Contribute Add)    ---                
压缩例程                             NO                 
重用空间                             NO                 
已排序和（或）已验证                 .                  
Sortedby 子句中的变量位置            .                  
主机字符集                                              
排序序列                                                
排序选项: 无重复键                   NO                 
排序选项: 无重复记录                 NO                 
加密例程                             NO                 
指向观测                             YES                
层次的最大数                         0                  
层次号                               .                  
下一个层次号                         .                  
