 
                                                                                                                                                                                                                                                                
 
 
变量汇总

角色     测度水平    频数计数

INPUT    INTERVAL        1   
TEXT     NOMINAL         1   
 
                                                                                                                                                                                                                                                                
 
 
输出表属性

属性            值

输出表          EMWS1.Ids2_DATA
输出类型        视图           
删除的变量      0              
数据挖掘角色    原始           
 
                                                                                                                                                                                                                                                                
 
 
输入表属性

属性                                 值

数据源                               channels           
                                                        
逻辑库名                             DATA               
逻辑库成员名                         CHANNELS           
数据集标签                                              
特殊的数据集类型 (FROM TYPE=)                           
数据集中的观测                       11123              
引擎名称                             BASE               
创建日期                             2013- 5- 2 14:36:00
上次修改日期                         2013- 5- 2 14:36:00
数据集中删除的观测                   0                  
索引中变量的使用                     NONE               
逻辑库成员类型                       DATA               
数据集的索引数                       0                  
密码保护 (READ WRITE ALTER)          ---                
更新标记 (Protect Contribute Add)    ---                
压缩例程                             NO                 
重用空间                             NO                 
已排序和（或）已验证                 .                  
Sortedby 子句中的变量位置            .                  
主机字符集                                              
排序序列                                                
排序选项: 无重复键                   NO                 
排序选项: 无重复记录                 NO                 
加密例程                             NO                 
指向观测                             YES                
层次的最大数                         0                  
层次号                               .                  
下一个层次号                         .                  
变量                                 2                  
