 
                                                                                               
 
 
拟合统计量

目标=Technology 目标标签=Technology

拟合统计量    统计量标签                训练       验证

  _NOBS_      频数总和               2214.00     568.00
  _MISC_      误分类率                  0.76       0.76
  _MAX_       最大绝对误差              1.00       1.00
  _SSE_       平方误差和             1851.57     477.31
  _ASE_       平均平方误差              0.06       0.06
  _RASE_      平均平方根误差            0.24       0.24
  _DIV_       渐近标准误差的除数    30996.00    7952.00
  _DFT_       总自由度              28782.00        .  
 
                                                                                               
 
 
分类表

数据角色=TRAIN 目标变量=Technology 目标标签=Technology

目标                                结果    目标百分比    结果百分比    频数计数    总百分比

ANALOG SATELLITE                    DVD        0.4968         100           11        0.4968
BETAMAX                             DVD        0.4968         100           11        0.4968
CONSOLE GAME SYSTEM(E.G. XBOX PS    DVD       14.5438         100          322       14.5438
DIGITAL SATELLITE                   DVD        5.8266         100          129        5.8266
DVD                                 DVD       24.3451         100          539       24.3451
FLAT SCREEN TV                      DVD        4.7425         100          105        4.7425
FRONT PROJECTION TV                 DVD        1.2195         100           27        1.2195
HDTV                                DVD        3.1617         100           70        3.1617
LASERDISK                           DVD        1.0840         100           24        1.0840
PVR(TIVO ULTIMATETV REPLAYTV)       DVD        3.4327         100           76        3.4327
REAR PROJECTION TV                  DVD        2.9810         100           66        2.9810
SURROUND SOUND                      DVD       12.7371         100          282       12.7371
VHS                                 DVD       24.0741         100          533       24.0741
VIDEO-CAPABLE AUTOMOBILE            DVD        0.8582         100           19        0.8582


数据角色=VALIDATE 目标变量=Technology 目标标签=Technology

目标                                结果    目标百分比    结果百分比    频数计数    总百分比

ANALOG SATELLITE                    DVD        0.7042         100            4        0.7042
BETAMAX                             DVD        0.5282         100            3        0.5282
CONSOLE GAME SYSTEM(E.G. XBOX PS    DVD       14.4366         100           82       14.4366
DIGITAL SATELLITE                   DVD        5.8099         100           33        5.8099
DVD                                 DVD       23.9437         100          136       23.9437
FLAT SCREEN TV                      DVD        4.7535         100           27        4.7535
FRONT PROJECTION TV                 DVD        1.4085         100            8        1.4085
HDTV                                DVD        3.3451         100           19        3.3451
LASERDISK                           DVD        1.2324         100            7        1.2324
PVR(TIVO ULTIMATETV REPLAYTV)       DVD        3.5211         100           20        3.5211
REAR PROJECTION TV                  DVD        2.9930         100           17        2.9930
SURROUND SOUND                      DVD       12.5000         100           71       12.5000
VHS                                 DVD       23.7676         100          135       23.7676
VIDEO-CAPABLE AUTOMOBILE            DVD        1.0563         100            6        1.0563
 
                                                                                               
 
 
事件分类表

数据角色=TRAIN 目标=Technology 目标标签=Technology

漏报    特异    误报    命中

 19     2195      0       0 


数据角色=VALIDATE 目标=Technology 目标标签=Technology

漏报    特异    误报    命中

  6      562      0       0 
 
                                                                                               
 
 
评估评分排名

数据角色=TRAIN 目标变量=Technology 目标标签=Technology

深度      增益       提升度   累积提升度   响应百分比   累积响应百分比   观测数   后验概率均值

   5   2.1065E-13   1.00000     1.00000      0.85818        0.85818        111     .008581752 
  10   2.1065E-13   1.00000     1.00000      0.85818        0.85818        111     .008581752 
  15   2.3086E-13   1.00000     1.00000      0.85818        0.85818        111     .008581752 
  20   2.3086E-13   1.00000     1.00000      0.85818        0.85818        110     .008581752 
  25   2.3086E-13   1.00000     1.00000      0.85818        0.85818        111     .008581752 
  30   2.1065E-13   1.00000     1.00000      0.85818        0.85818        111     .008581752 
  35   2.1065E-13   1.00000     1.00000      0.85818        0.85818        110     .008581752 
  40   2.1065E-13   1.00000     1.00000      0.85818        0.85818        111     .008581752 
  45   2.3086E-13   1.00000     1.00000      0.85818        0.85818        111     .008581752 
  50   2.3086E-13   1.00000     1.00000      0.85818        0.85818        110     .008581752 
  55   2.3086E-13   1.00000     1.00000      0.85818        0.85818        111     .008581752 
  60   2.1065E-13   1.00000     1.00000      0.85818        0.85818        111     .008581752 
  65   2.1065E-13   1.00000     1.00000      0.85818        0.85818        111     .008581752 
  70   2.1065E-13   1.00000     1.00000      0.85818        0.85818        110     .008581752 
  75   2.1065E-13   1.00000     1.00000      0.85818        0.85818        111     .008581752 
  80   2.1065E-13   1.00000     1.00000      0.85818        0.85818        111     .008581752 
  85   2.1065E-13   1.00000     1.00000      0.85818        0.85818        110     .008581752 
  90   2.1065E-13   1.00000     1.00000      0.85818        0.85818        111     .008581752 
  95   2.1065E-13   1.00000     1.00000      0.85818        0.85818        111     .008581752 
 100   2.1065E-13   1.00000     1.00000      0.85818        0.85818        110     .008581752 


数据角色=VALIDATE 目标变量=Technology 目标标签=Technology

深度      增益       提升度   累积提升度   响应百分比   累积响应百分比   观测数   后验概率均值

   5   8.3961E-14   1.00000     1.00000      1.05634        1.05634        29      .008581752 
  10   8.3961E-14   1.00000     1.00000      1.05634        1.05634        28      .008581752 
  15   8.3961E-14   1.00000     1.00000      1.05634        1.05634        29      .008581752 
  20   8.3961E-14   1.00000     1.00000      1.05634        1.05634        28      .008581752 
  25    6.754E-14   1.00000     1.00000      1.05634        1.05634        28      .008581752 
  30   8.3961E-14   1.00000     1.00000      1.05634        1.05634        29      .008581752 
  35   8.3961E-14   1.00000     1.00000      1.05634        1.05634        28      .008581752 
  40   8.3961E-14   1.00000     1.00000      1.05634        1.05634        29      .008581752 
  45   8.3961E-14   1.00000     1.00000      1.05634        1.05634        28      .008581752 
  50   8.3961E-14   1.00000     1.00000      1.05634        1.05634        28      .008581752 
  55   8.3961E-14   1.00000     1.00000      1.05634        1.05634        29      .008581752 
  60   8.3961E-14   1.00000     1.00000      1.05634        1.05634        28      .008581752 
  65   8.3961E-14   1.00000     1.00000      1.05634        1.05634        29      .008581752 
  70   8.3961E-14   1.00000     1.00000      1.05634        1.05634        28      .008581752 
  75   8.3961E-14   1.00000     1.00000      1.05634        1.05634        28      .008581752 
  80    6.754E-14   1.00000     1.00000      1.05634        1.05634        29      .008581752 
  85    6.754E-14   1.00000     1.00000      1.05634        1.05634        28      .008581752 
  90    6.754E-14   1.00000     1.00000      1.05634        1.05634        29      .008581752 
  95    6.754E-14   1.00000     1.00000      1.05634        1.05634        28      .008581752 
 100    5.112E-14   1.00000     1.00000      1.05634        1.05634        28      .008581752 
 
                                                                                               
 
 
评估评分分布

数据角色=TRAIN 目标变量=Technology 目标标签=Technology

后验概率范围    事件数    非事件数    后验概率均值    百分比

 0.00-0.05        19        2195       .008581752       100 


数据角色=VALIDATE 目标变量=Technology 目标标签=Technology

后验概率范围    事件数    非事件数    后验概率均值    百分比

 0.00-0.05         6         562       .008581752       100 
